<?xml version="1.0" encoding="UTF-8"?>
<!-- Generated by org.testng.reporters.JUnitXMLReporter -->
<testsuite ignored="0" hostname="SREEKANTH" failures="0" tests="5" name="SmokeTest" time="126.488" errors="0" timestamp="2025-03-13T10:38:40 IST">
  <testcase classname="testPackage.ContactTest" name="createContact" time="20.473"/>
  <testcase classname="testPackage.ContactTest" name="createContact" time="18.683"/>
  <testcase classname="testPackage.ContactTest" name="createContact" time="24.021"/>
  <testcase classname="testPackage.VerificationClass" name="verify" time="0.007"/>
  <testcase classname="testPackage.OrganizationTest" name="createOrganization" time="13.18"/>
</testsuite> <!-- SmokeTest -->
