<?xml version="1.0" encoding="UTF-8"?>
<!-- Generated by org.testng.reporters.JUnitXMLReporter -->
<testsuite ignored="0" hostname="SREEKANTH" failures="0" tests="3" name="CBTTest2" time="145.087" errors="0" timestamp="2025-03-14T10:37:05 IST">
  <testcase classname="testPackage.ContactTest" name="createContact" time="32.765"/>
  <testcase classname="testPackage.ContactTest" name="createContact" time="0.0">
    <skipped/>
  </testcase> <!-- createContact -->
  <testcase classname="testPackage.ContactTest" name="createContact" time="0.0">
    <skipped/>
  </testcase> <!-- createContact -->
</testsuite> <!-- CBTTest2 -->
