<?xml version="1.0" encoding="UTF-8"?>
<!-- Generated by org.testng.reporters.JUnitXMLReporter -->
<testsuite ignored="0" hostname="SREEKANTH" failures="0" tests="3" name="CBTTest3" time="218.753" errors="0" timestamp="2025-03-14T10:38:18 IST">
  <testcase classname="testPackage.ContactTest" name="createContact" time="40.025"/>
  <testcase classname="testPackage.ContactTest" name="createContact" time="51.132"/>
  <testcase classname="testPackage.ContactTest" name="createContact" time="32.732"/>
</testsuite> <!-- CBTTest3 -->
