<?xml version="1.0" encoding="UTF-8"?>
<!-- Generated by org.testng.reporters.JUnitXMLReporter -->
<testsuite ignored="0" hostname="SREEKANTH" failures="0" tests="3" name="Test3" time="253.202" errors="0" timestamp="2025-03-17T14:20:55 IST">
  <testcase classname="testPackage.ContactTest" name="createContact" time="84.175"/>
  <testcase classname="testPackage.ContactTest" name="createContact" time="30.78"/>
  <testcase classname="testPackage.ContactTest" name="createContact" time="41.743"/>
</testsuite> <!-- Test3 -->
