<?xml version="1.0" encoding="UTF-8"?>
<!-- Generated by org.testng.reporters.JUnitXMLReporter -->
<testsuite ignored="0" hostname="SREEKANTH" failures="0" tests="3" name="DataBaseSupplyTest" time="97.815" errors="0" timestamp="2025-03-14T14:12:00 IST">
  <testcase classname="testPackage.DataSupply2TestUsingDatabase" name="createContact" time="23.282"/>
  <testcase classname="testPackage.DataSupply2TestUsingDatabase" name="createContact" time="17.789"/>
  <testcase classname="testPackage.DataSupply2TestUsingDatabase" name="createContact" time="22.113"/>
</testsuite> <!-- DataBaseSupplyTest -->
