<?xml version="1.0" encoding="UTF-8"?>
<!-- Generated by org.testng.reporters.JUnitXMLReporter -->
<testsuite ignored="0" hostname="SREEKANTH" failures="0" tests="3" name="Ds2Test" time="135.487" errors="0" timestamp="2025-03-14T12:15:50 IST">
  <testcase classname="testPackage.DataSupply2Test" name="createContact" time="24.956"/>
  <testcase classname="testPackage.DataSupply2Test" name="createContact" time="24.782"/>
  <testcase classname="testPackage.DataSupply2Test" name="createContact" time="28.713"/>
</testsuite> <!-- Ds2Test -->
