<?xml version="1.0" encoding="UTF-8"?>
<!-- Generated by org.testng.reporters.JUnitXMLReporter -->
<testsuite ignored="0" hostname="SREEKANTH" failures="0" tests="4" name="Test2" time="172.636" errors="0" timestamp="2025-03-17T13:32:33 IST">
  <testcase classname="testPackage.AttributesTest" name="moveToCalenderPage" time="22.591"/>
  <testcase classname="testPackage.AttributesTest" name="moveToContacts" time="15.241"/>
  <testcase classname="testPackage.AttributesTest" name="moveToLeadspage" time="14.432"/>
  <testcase classname="testPackage.AttributesTest" name="moveToOrganizatopnPage" time="13.408"/>
</testsuite> <!-- Test2 -->
