<?xml version="1.0" encoding="UTF-8"?>
<!-- Generated by org.testng.reporters.JUnitXMLReporter -->
<testsuite ignored="0" hostname="SREEKANTH" failures="0" tests="3" name="Test1" time="185.332" errors="0" timestamp="2025-03-17T13:32:45 IST">
  <testcase classname="testPackage.ContactTest" name="createContact" time="42.162"/>
  <testcase classname="testPackage.ContactTest" name="createContact" time="38.361"/>
  <testcase classname="testPackage.ContactTest" name="createContact" time="30.555"/>
</testsuite> <!-- Test1 -->
