<?xml version="1.0" encoding="UTF-8"?>
<!-- Generated by org.testng.reporters.JUnitXMLReporter -->
<testsuite ignored="10" hostname="SREEKANTH" failures="0" tests="0" time="0.057" errors="0" timestamp="2025-03-13T12:00:29 IST">
  <testcase classname="testPackage.ContactTest" name="createContact" time="0.0">
    <ignored/>
  </testcase> <!-- createContact -->
  <testcase classname="testPackage.Verification2" name="moveToLeadspage" time="0.0">
    <ignored/>
  </testcase> <!-- moveToLeadspage -->
  <testcase classname="testPackage.VerificationClass" name="verify" time="0.0">
    <ignored/>
  </testcase> <!-- verify -->
  <testcase classname="testPackage.AttributesTest" name="moveToCalenderPage" time="0.0">
    <ignored/>
  </testcase> <!-- moveToCalenderPage -->
  <testcase classname="testPackage.AttributesTest" name="moveToLeadspage" time="0.0">
    <ignored/>
  </testcase> <!-- moveToLeadspage -->
  <testcase classname="testPackage.AttributesTest" name="moveToContacts" time="0.0">
    <ignored/>
  </testcase> <!-- moveToContacts -->
  <testcase classname="testPackage.AttributesTest" name="moveToOrganizatopnPage" time="0.0">
    <ignored/>
  </testcase> <!-- moveToOrganizatopnPage -->
  <testcase classname="testPackage.LeadsTest" name="createLead" time="0.0">
    <ignored/>
  </testcase> <!-- createLead -->
  <testcase classname="testPackage.OrganizationTest" name="createOrganization" time="0.0">
    <ignored/>
  </testcase> <!-- createOrganization -->
  <testcase classname="testPackage.Verification2" name="moveToCalenderPage" time="0.0">
    <ignored/>
  </testcase> <!-- moveToCalenderPage -->
</testsuite>
